2024-11-11 22:15:49.586 [info] read schema from vscode: vscode://schemas/settings/user
2024-11-11 22:15:49.792 [info] read schema from vscode: vscode://schemas/settings/resourceLanguage
2024-11-11 22:15:49.897 [info] read schema from vscode: vscode://schemas/ignoredSettings
2024-11-11 22:15:49.959 [info] read schema from vscode: vscode://schemas/launch
2024-11-11 22:15:49.974 [info] read schema from vscode: vscode://schemas/token-styling
2024-11-11 22:15:49.980 [info] read schema from vscode: vscode://schemas/textmate-colors
2024-11-11 22:15:49.981 [info] read schema from vscode: vscode://schemas/workbench-colors
2024-11-11 22:15:50.056 [info] cancelled
2024-11-11 22:15:50.333 [info] schema change detected vscode://schemas/settings/resourceLanguage
2024-11-11 22:15:50.336 [info] read schema from vscode: vscode://schemas/settings/user
2024-11-11 22:15:50.346 [info] schema change detected vscode://schemas/ignoredSettings
2024-11-11 22:15:50.424 [info] schema change detected vscode://schemas/settings/user
2024-11-11 22:15:50.446 [info] read schema from vscode: vscode://schemas/settings/resourceLanguage
2024-11-11 22:15:50.447 [info] read schema from vscode: vscode://schemas/ignoredSettings
2024-11-11 22:15:50.528 [info] cancelled
2024-11-11 22:15:50.530 [info] read schema from vscode: vscode://schemas/settings/user
2024-11-11 22:15:53.391 [info] schema change detected vscode://schemas/settings/user
2024-11-11 22:15:53.396 [info] read schema from vscode: vscode://schemas/settings/user
2024-11-11 22:15:54.217 [info] schema change detected vscode://schemas/launch
2024-11-11 22:15:54.225 [info] read schema from vscode: vscode://schemas/settings/user
2024-11-11 22:15:54.276 [info] read schema from vscode: vscode://schemas/launch
2024-11-11 22:16:05.322 [info] schema change detected vscode://schemas/settings/user
2024-11-11 22:16:05.326 [info] read schema from vscode: vscode://schemas/settings/user
2024-11-11 22:16:48.680 [info] schema change detected vscode://schemas/settings/user
2024-11-11 22:16:48.683 [info] read schema from vscode: vscode://schemas/settings/user
