2024-11-21 21:28:10.917 [info] [main] Log level: Info
2024-11-21 21:28:10.917 [info] [main] Validating found git in: "git"
2024-11-21 21:28:10.917 [info] [main] Using git "2.43.0" from "git"
2024-11-21 21:28:10.917 [info] [Model][doInitialScan] Initial repository scan started
2024-11-21 21:28:10.917 [info] > git rev-parse --show-toplevel [7ms]
2024-11-21 21:28:10.917 [info] fatal: not a git repository (or any of the parent directories): .git
2024-11-21 21:28:10.917 [info] > git rev-parse --show-toplevel [6ms]
2024-11-21 21:28:10.918 [info] > git rev-parse --git-dir --git-common-dir [17ms]
2024-11-21 21:28:11.008 [info] [Model][openRepository] Opened repository: /home/mrcs
2024-11-21 21:28:11.457 [info] > git rev-parse --show-toplevel [432ms]
2024-11-21 21:28:11.457 [info] fatal: not a git repository (or any of the parent directories): .git
2024-11-21 21:28:11.459 [info] [Model][doInitialScan] Initial repository scan completed - repositories (1), closed repositories (0), parent repositories (0), unsafe repositories (0)
2024-11-21 21:28:11.459 [info] > git config --get commit.template [441ms]
2024-11-21 21:28:11.844 [info] > git rev-parse --show-toplevel [32ms]
2024-11-21 21:28:11.844 [info] fatal: not a git repository (or any of the parent directories): .git
2024-11-21 21:28:11.849 [info] > git for-each-ref --format=%(refname)%00%(upstream:short)%00%(objectname)%00%(upstream:track)%00%(upstream:remotename)%00%(upstream:remoteref) refs/heads/master refs/remotes/master [15ms]
2024-11-21 21:28:12.069 [info] > git check-ignore -v -z --stdin [6ms]
2024-11-21 21:28:12.073 [info] > git for-each-ref --sort -committerdate --format %(refname) %(objectname) %(*objectname) [19ms]
2024-11-21 21:28:12.221 [info] > git status -z -uall [263ms]
2024-11-21 21:28:12.395 [info] > git for-each-ref --format=%(refname)%00%(upstream:short)%00%(objectname)%00%(upstream:track)%00%(upstream:remotename)%00%(upstream:remoteref) refs/heads/master refs/remotes/master [37ms]
2024-11-21 21:28:12.972 [info] > git show --textconv :web.html [14ms]
2024-11-21 21:28:12.979 [info] > git config --local branch.master.vscode-merge-base [578ms]
2024-11-21 21:28:12.979 [warning] [Git][config] git config failed: Failed to execute git
2024-11-21 21:28:12.999 [info] > git config --get commit.template [631ms]
2024-11-21 21:28:13.048 [info] > git reflog master --grep-reflog=branch: Created from *. [49ms]
2024-11-21 21:28:13.059 [info] > git ls-files --stage -- /home/mrcs/web.html [89ms]
2024-11-21 21:28:13.082 [info] > git symbolic-ref --short refs/remotes/origin/HEAD [23ms]
2024-11-21 21:28:13.082 [info] fatal: ref refs/remotes/origin/HEAD is not a symbolic ref
2024-11-21 21:28:13.082 [warning] [Repository][getDefaultBranch] Failed to get default branch details: Failed to execute git.
2024-11-21 21:28:13.086 [info] > git rev-parse --show-toplevel [39ms]
2024-11-21 21:28:13.086 [info] fatal: not a git repository (or any of the parent directories): .git
2024-11-21 21:28:13.126 [info] > git for-each-ref --format=%(refname)%00%(upstream:short)%00%(objectname)%00%(upstream:track)%00%(upstream:remotename)%00%(upstream:remoteref) refs/heads/master refs/remotes/master [46ms]
2024-11-21 21:28:13.141 [info] > git cat-file -s 3b577230b5284dab32fbe862c14d2fc36070e6ce [74ms]
2024-11-21 21:28:13.173 [info] > git for-each-ref --sort -committerdate --format %(refname) %(objectname) %(*objectname) [32ms]
2024-11-21 21:28:13.199 [info] > git status -z -uall [63ms]
2024-11-21 21:28:14.860 [info] > git config --get commit.template [6ms]
2024-11-21 21:28:14.862 [info] > git for-each-ref --format=%(refname)%00%(upstream:short)%00%(objectname)%00%(upstream:track)%00%(upstream:remotename)%00%(upstream:remoteref) refs/heads/master refs/remotes/master [3ms]
2024-11-21 21:28:14.873 [info] > git for-each-ref --sort -committerdate --format %(refname) %(objectname) %(*objectname) [3ms]
2024-11-21 21:28:14.893 [info] > git status -z -uall [26ms]
2024-11-21 21:28:19.964 [info] > git config --get commit.template [6ms]
2024-11-21 21:28:19.965 [info] > git for-each-ref --format=%(refname)%00%(upstream:short)%00%(objectname)%00%(upstream:track)%00%(upstream:remotename)%00%(upstream:remoteref) refs/heads/master refs/remotes/master [2ms]
2024-11-21 21:28:19.976 [info] > git for-each-ref --sort -committerdate --format %(refname) %(objectname) %(*objectname) [3ms]
2024-11-21 21:28:19.996 [info] > git status -z -uall [27ms]
2024-11-21 21:28:25.100 [info] > git config --get commit.template [4ms]
2024-11-21 21:28:25.102 [info] > git for-each-ref --format=%(refname)%00%(upstream:short)%00%(objectname)%00%(upstream:track)%00%(upstream:remotename)%00%(upstream:remoteref) refs/heads/master refs/remotes/master [2ms]
2024-11-21 21:28:25.110 [info] > git for-each-ref --sort -committerdate --format %(refname) %(objectname) %(*objectname) [0ms]
2024-11-21 21:28:25.124 [info] > git status -z -uall [19ms]
2024-11-21 21:28:30.196 [info] > git config --get commit.template [5ms]
2024-11-21 21:28:30.198 [info] > git for-each-ref --format=%(refname)%00%(upstream:short)%00%(objectname)%00%(upstream:track)%00%(upstream:remotename)%00%(upstream:remoteref) refs/heads/master refs/remotes/master [2ms]
2024-11-21 21:28:30.208 [info] > git for-each-ref --sort -committerdate --format %(refname) %(objectname) %(*objectname) [3ms]
2024-11-21 21:28:30.223 [info] > git status -z -uall [22ms]
2024-11-21 21:28:35.277 [info] > git for-each-ref --format=%(refname)%00%(upstream:short)%00%(objectname)%00%(upstream:track)%00%(upstream:remotename)%00%(upstream:remoteref) refs/heads/master refs/remotes/master [1ms]
2024-11-21 21:28:35.277 [info] > git config --get commit.template [10ms]
2024-11-21 21:28:35.323 [info] > git for-each-ref --sort -committerdate --format %(refname) %(objectname) %(*objectname) [9ms]
2024-11-21 21:28:35.336 [info] > git status -z -uall [53ms]
2024-11-21 21:28:40.401 [info] > git config --get commit.template [9ms]
2024-11-21 21:28:40.402 [info] > git for-each-ref --format=%(refname)%00%(upstream:short)%00%(objectname)%00%(upstream:track)%00%(upstream:remotename)%00%(upstream:remoteref) refs/heads/master refs/remotes/master [3ms]
2024-11-21 21:28:40.416 [info] > git for-each-ref --sort -committerdate --format %(refname) %(objectname) %(*objectname) [3ms]
2024-11-21 21:28:40.454 [info] > git status -z -uall [47ms]
2024-11-21 21:28:45.650 [info] > git config --get commit.template [13ms]
2024-11-21 21:28:45.652 [info] > git for-each-ref --format=%(refname)%00%(upstream:short)%00%(objectname)%00%(upstream:track)%00%(upstream:remotename)%00%(upstream:remoteref) refs/heads/master refs/remotes/master [3ms]
2024-11-21 21:28:45.663 [info] > git for-each-ref --sort -committerdate --format %(refname) %(objectname) %(*objectname) [2ms]
2024-11-21 21:28:45.676 [info] > git status -z -uall [20ms]
2024-11-21 21:28:51.242 [info] > git config --get commit.template [4ms]
2024-11-21 21:28:51.245 [info] > git for-each-ref --format=%(refname)%00%(upstream:short)%00%(objectname)%00%(upstream:track)%00%(upstream:remotename)%00%(upstream:remoteref) refs/heads/master refs/remotes/master [4ms]
2024-11-21 21:28:51.255 [info] > git for-each-ref --sort -committerdate --format %(refname) %(objectname) %(*objectname) [3ms]
2024-11-21 21:28:51.270 [info] > git status -z -uall [21ms]
2024-11-21 21:28:56.555 [info] > git config --get commit.template [6ms]
2024-11-21 21:28:56.556 [info] > git for-each-ref --format=%(refname)%00%(upstream:short)%00%(objectname)%00%(upstream:track)%00%(upstream:remotename)%00%(upstream:remoteref) refs/heads/master refs/remotes/master [2ms]
2024-11-21 21:28:56.569 [info] > git for-each-ref --sort -committerdate --format %(refname) %(objectname) %(*objectname) [2ms]
2024-11-21 21:28:56.585 [info] > git status -z -uall [23ms]
2024-11-21 21:29:01.637 [info] > git config --get commit.template [5ms]
2024-11-21 21:29:01.638 [info] > git for-each-ref --format=%(refname)%00%(upstream:short)%00%(objectname)%00%(upstream:track)%00%(upstream:remotename)%00%(upstream:remoteref) refs/heads/master refs/remotes/master [2ms]
2024-11-21 21:29:01.649 [info] > git for-each-ref --sort -committerdate --format %(refname) %(objectname) %(*objectname) [2ms]
2024-11-21 21:29:01.665 [info] > git status -z -uall [23ms]
2024-11-21 21:29:06.786 [info] > git config --get commit.template [11ms]
2024-11-21 21:29:06.790 [info] > git for-each-ref --format=%(refname)%00%(upstream:short)%00%(objectname)%00%(upstream:track)%00%(upstream:remotename)%00%(upstream:remoteref) refs/heads/master refs/remotes/master [6ms]
2024-11-21 21:29:06.835 [info] > git for-each-ref --sort -committerdate --format %(refname) %(objectname) %(*objectname) [1ms]
2024-11-21 21:29:06.853 [info] > git status -z -uall [59ms]
