2024-11-21 21:28:08.998 [info] Extension host with pid 31852 started
2024-11-21 21:28:08.998 [info] Skipping acquiring lock for /home/mrcs/.config/Code/User/workspaceStorage/fb776f4e096b3bc40f0d7dc6fe9b77c9.
2024-11-21 21:28:09.322 [info] ExtensionService#_doActivateExtension vscode.emmet, startup: false, activationEvent: 'onLanguage'
2024-11-21 21:28:09.380 [info] ExtensionService#_doActivateExtension vscode.html-language-features, startup: false, activationEvent: 'onLanguage:html'
2024-11-21 21:28:10.287 [info] ExtensionService#_doActivateExtension vscode.git-base, startup: true, activationEvent: '*', root cause: vscode.git
2024-11-21 21:28:10.385 [info] ExtensionService#_doActivateExtension vscode.git, startup: true, activationEvent: '*'
2024-11-21 21:28:10.717 [info] ExtensionService#_doActivateExtension vscode.github, startup: true, activationEvent: '*'
2024-11-21 21:28:10.849 [info] Eager extensions activated
2024-11-21 21:28:11.031 [info] ExtensionService#_doActivateExtension vscode.debug-auto-launch, startup: false, activationEvent: 'onStartupFinished'
2024-11-21 21:28:11.035 [info] ExtensionService#_doActivateExtension vscode.merge-conflict, startup: false, activationEvent: 'onStartupFinished'
2024-11-21 21:28:11.114 [info] ExtensionService#_doActivateExtension ms-vscode-remote.remote-wsl, startup: false, activationEvent: 'onStartupFinished'
2024-11-21 21:28:11.376 [info] ExtensionService#_doActivateExtension ritwickdey.LiveServer, startup: false, activationEvent: 'onStartupFinished'
2024-11-21 21:28:12.336 [warning] [Decorations] CAPPING events from decorations provider vscode.git 7319
2024-11-21 21:28:13.087 [info] ExtensionService#_doActivateExtension vscode.github-authentication, startup: false, activationEvent: 'onAuthenticationRequest:github'
2024-11-21 21:28:13.298 [warning] [Decorations] CAPPING events from decorations provider vscode.git 7319
2024-11-21 21:28:14.924 [warning] [Decorations] CAPPING events from decorations provider vscode.git 7320
2024-11-21 21:28:20.034 [warning] [Decorations] CAPPING events from decorations provider vscode.git 7321
2024-11-21 21:28:25.155 [warning] [Decorations] CAPPING events from decorations provider vscode.git 7321
2024-11-21 21:28:30.249 [warning] [Decorations] CAPPING events from decorations provider vscode.git 7321
2024-11-21 21:28:35.369 [warning] [Decorations] CAPPING events from decorations provider vscode.git 7321
2024-11-21 21:28:40.537 [warning] [Decorations] CAPPING events from decorations provider vscode.git 7321
2024-11-21 21:28:45.699 [warning] [Decorations] CAPPING events from decorations provider vscode.git 7321
2024-11-21 21:28:51.293 [warning] [Decorations] CAPPING events from decorations provider vscode.git 7321
2024-11-21 21:28:56.611 [warning] [Decorations] CAPPING events from decorations provider vscode.git 7321
2024-11-21 21:29:01.691 [warning] [Decorations] CAPPING events from decorations provider vscode.git 7323
2024-11-21 21:29:06.905 [warning] [Decorations] CAPPING events from decorations provider vscode.git 7322
